 [NEW] Error: [256] Array, fir in F:\xampp\htdocs\sslmp\new_ac.php on 75 
 [NEW] Error: [256] Array, fir in F:\xampp\htdocs\sslmp\new_ac.php on 75 
 [NEW] Error: [256] Array, fir in F:\xampp\htdocs\sslmp\new_ac.php on 75 
 [NEW] Error: [256] Array, fir in F:\xampp\htdocs\sslmp\new_ac.php on 75 
 [NEW] Error: [256] Array, fir in F:\xampp\htdocs\sslmp\new_ac.php on 75 
 [NEW] Error: [256] Array, fir in F:\xampp\htdocs\sslmp\new_ac.php on 75 
 [NEW] Error: [256] Array, fir in F:\xampp\htdocs\sslmp\new_ac.php on 76 
 [NEW] Error: [256] Array, fir in F:\xampp\htdocs\sslmp\new_ac.php on 75 
 [NEW] Error: [8] Array, Undefined property: signin_from::$userid in F:\xampp\htdocs\sslmp\new_ac.php on 60 
 [NEW] Error: [8] Array, Undefined property: signin_from::$address in F:\xampp\htdocs\sslmp\new_ac.php on 60 
 [NEW] Error: [8] Array, Undefined property: signin_from::$password in F:\xampp\htdocs\sslmp\new_ac.php on 60 
 [NEW] Error: [8] Array, Undefined variable: id in F:\xampp\htdocs\sslmp\new_ac_complete.php on 20 
 [NEW] Error: [8] Array, Undefined variable: id in F:\xampp\htdocs\sslmp\new_ac_complete.php on 20 
 [NEW] Error: [8] Array, Undefined variable: id in F:\xampp\htdocs\sslmp\new_ac_complete.php on 20 
 [NEW] Error: [8] Array, Undefined variable: _SESSION in F:\xampp\htdocs\sslmp\new_ac_complete.php on 122 
 [NEW] Error: [8] Array, Undefined variable: _SESSION in F:\xampp\htdocs\sslmp\new_ac_complete.php on 122 
 [NEW] Error: [8] Array, Undefined variable: _SESSION in F:\xampp\htdocs\sslmp\new_ac_complete.php on 122 
 [NEW] Error: [256] Array, helo in F:\xampp\htdocs\sslmp\new_ac_complete.php on 44 
 [NEW] Error: [256] Array, hello in F:\xampp\htdocs\sslmp\new_ac_complete.php on 15 
 [NEW] Error: [256] Array, hello in F:\xampp\htdocs\sslmp\new_ac_complete.php on 15 
 [NEW] Error: [256] Array, dd in F:\xampp\htdocs\sslmp\new_ac_complete.php on 91 
 [NEW] Error: [8] Array, Array to string conversion in F:\xampp\htdocs\sslmp\home.php on 97 
 [NEW] Error: [8] Array, Array to string conversion in F:\xampp\htdocs\sslmp\home.php on 97 
 [NEW] Error: [8] Array, Array to string conversion in F:\xampp\htdocs\sslmp\home.php on 97 
 [NEW] Error: [8] Array, Array to string conversion in F:\xampp\htdocs\sslmp\home.php on 97 
 [NEW] Error: [8] Array, Array to string conversion in F:\xampp\htdocs\sslmp\home.php on 97 
 [NEW] Error: [8] Array, Array to string conversion in F:\xampp\htdocs\sslmp\home.php on 97 
 [NEW] Error: [8] Array, Undefined offset: 1 in F:\xampp\htdocs\sslmp\home.php on 97 
 [NEW] Error: [8] Array, Undefined offset: 1 in F:\xampp\htdocs\sslmp\home.php on 97 
 [NEW] Error: [8] Array, Undefined offset: 1 in F:\xampp\htdocs\sslmp\home.php on 97 
 [NEW] Error: [256] Array, everthing correct but last query not executed in F:\xampp\htdocs\sslmp\logout.php on 58 
 [NEW] Error: [256] Array, everthing correct but last query not executed in F:\xampp\htdocs\sslmp\logout.php on 58 
 [NEW] Error: [2] Array, mysqli::query() expects at least 1 parameter, 0 given in F:\xampp\htdocs\sslmp\enter_bill.php on 92 
 [NEW] Error: [2] Array, mysqli::query() expects at least 1 parameter, 0 given in F:\xampp\htdocs\sslmp\enter_bill.php on 92 
 [NEW] Error: [8] Array, Array to string conversion in F:\xampp\htdocs\sslmp\enter_bill.php on 104 
 [NEW] Error: [8] Array, Array to string conversion in F:\xampp\htdocs\sslmp\enter_bill.php on 104 
 [NEW] Error: [8] Array, Use of undefined constant y - assumed 'y' in F:\xampp\htdocs\sslmp\enter_bill.php on 116 
 [NEW] Error: [8] Array, Use of undefined constant y - assumed 'y' in F:\xampp\htdocs\sslmp\enter_bill.php on 116 
 [NEW] Error: [8] Array, Use of undefined constant y - assumed 'y' in F:\xampp\htdocs\sslmp\enter_bill.php on 116 
 [NEW] Error: [8] Array, Use of undefined constant y - assumed 'y' in F:\xampp\htdocs\sslmp\enter_bill.php on 116 
 [NEW] Error: [8] Array, Use of undefined constant y - assumed 'y' in F:\xampp\htdocs\sslmp\enter_bill.php on 116 
 [NEW] Error: [8] Array, Use of undefined constant y - assumed 'y' in F:\xampp\htdocs\sslmp\enter_bill.php on 116 
 [NEW] Error: [8] Array, Use of undefined constant y - assumed 'y' in F:\xampp\htdocs\sslmp\enter_bill.php on 116 
 [NEW] Error: [8] Array, Use of undefined constant y - assumed 'y' in F:\xampp\htdocs\sslmp\enter_bill.php on 116 
 [NEW] Error: [8] Array, Use of undefined constant y - assumed 'y' in F:\xampp\htdocs\sslmp\enter_bill.php on 116 
 [NEW] Error: [8] Array, Use of undefined constant y - assumed 'y' in F:\xampp\htdocs\sslmp\enter_bill.php on 116 
 [NEW] Error: [8] Array, Use of undefined constant y - assumed 'y' in F:\xampp\htdocs\sslmp\enter_bill.php on 117 
 [NEW] Error: [8] Array, Use of undefined constant y - assumed 'y' in F:\xampp\htdocs\sslmp\enter_bill.php on 117 
 [NEW] Error: [8] Array, Use of undefined constant y - assumed 'y' in F:\xampp\htdocs\sslmp\enter_bill.php on 117 
 [NEW] Error: [8] Array, Use of undefined constant y - assumed 'y' in F:\xampp\htdocs\sslmp\enter_bill.php on 117 
 [NEW] Error: [8] Array, Use of undefined constant y - assumed 'y' in F:\xampp\htdocs\sslmp\enter_bill.php on 117 
 [NEW] Error: [8] Array, Use of undefined constant y - assumed 'y' in F:\xampp\htdocs\sslmp\enter_bill.php on 117 
 [NEW] Error: [8] Array, Use of undefined constant y - assumed 'y' in F:\xampp\htdocs\sslmp\enter_bill.php on 117 
 [NEW] Error: [8] Array, Use of undefined constant y - assumed 'y' in F:\xampp\htdocs\sslmp\enter_bill.php on 117 
 [NEW] Error: [8] Array, Use of undefined constant y - assumed 'y' in F:\xampp\htdocs\sslmp\enter_bill.php on 117 
 [NEW] Error: [8] Array, Use of undefined constant y - assumed 'y' in F:\xampp\htdocs\sslmp\enter_bill.php on 117 
 [NEW] Error: [8] Array, Use of undefined constant y - assumed 'y' in F:\xampp\htdocs\sslmp\enter_bill.php on 117 
 [NEW] Error: [8] Array, Use of undefined constant y - assumed 'y' in F:\xampp\htdocs\sslmp\enter_bill.php on 117 
 [NEW] Error: [8] Array, Use of undefined constant y - assumed 'y' in F:\xampp\htdocs\sslmp\enter_bill.php on 117 
 [NEW] Error: [8] Array, Use of undefined constant y - assumed 'y' in F:\xampp\htdocs\sslmp\enter_bill.php on 117 
 [NEW] Error: [8] Array, Use of undefined constant y - assumed 'y' in F:\xampp\htdocs\sslmp\enter_bill.php on 117 
 [NEW] Error: [8] Array, Use of undefined constant y - assumed 'y' in F:\xampp\htdocs\sslmp\enter_bill.php on 117 
 [NEW] Error: [8] Array, Use of undefined constant y - assumed 'y' in F:\xampp\htdocs\sslmp\enter_bill.php on 117 
 [NEW] Error: [8] Array, Use of undefined constant y - assumed 'y' in F:\xampp\htdocs\sslmp\enter_bill.php on 117 
 [NEW] Error: [8] Array, Use of undefined constant y - assumed 'y' in F:\xampp\htdocs\sslmp\enter_bill.php on 117 
 [NEW] Error: [8] Array, Use of undefined constant y - assumed 'y' in F:\xampp\htdocs\sslmp\enter_bill.php on 117 
 [NEW] Error: [8] Array, Undefined variable: data in F:\xampp\htdocs\sslmp\histroy.php on 148 
 [NEW] Error: [8] Array, Undefined property: profile::$pro in F:\xampp\htdocs\sslmp\profile.php on 188 
 [NEW] Error: [8] Array, Undefined property: profile::$pro in F:\xampp\htdocs\sslmp\profile.php on 188 
 [NEW] Error: [8] Array, Undefined property: mysqli::$copnnect_error in F:\xampp\htdocs\sslmp\profile.php on 154 
 [NEW] Error: [8] Array, Undefined property: change_profile::$add in F:\xampp\htdocs\sslmp\change_profile.php on 85 
 [NEW] Error: [8] Array, Undefined property: change_profile::$add in F:\xampp\htdocs\sslmp\change_profile.php on 85 
 [NEW] Error: [8] Array, Undefined property: change_profile::$add in F:\xampp\htdocs\sslmp\change_profile.php on 85 
 [NEW] Error: [8] Array, Undefined property: change_profile::$add in F:\xampp\htdocs\sslmp\change_profile.php on 85 
 [NEW] Error: [8] Array, Undefined property: change_profile::$add in F:\xampp\htdocs\sslmp\change_profile.php on 85 
 [NEW] Error: [8] Array, Undefined property: change_profile::$add in F:\xampp\htdocs\sslmp\change_profile.php on 85 
 [NEW] Error: [256] Array, more same ids found during logout in F:\xampp\htdocs\sslmp\logout.php on 74 
 [NEW] Error: [256] Array, more same ids found during logout in F:\xampp\htdocs\sslmp\logout.php on 74 
 [NEW] Error: [256] Array, more same ids found during logout in F:\xampp\htdocs\sslmp\logout.php on 74 
 [NEW] Error: [256] Array, more same ids found during logout in F:\xampp\htdocs\sslmp\logout.php on 74 
 [NEW] Error: [256] Array, more same ids found during logout in F:\xampp\htdocs\sslmp\logout.php on 74 
 [NEW] Error: [2] Array, mysqli::mysqli() [<a href='mysqli.mysqli'>mysqli.mysqli</a>]: (HY000/2002): Can't connect to local MySQL server through socket '/var/run/mysqld/mysqld.sock' (2) in /var/www/html/get_products.php on 20 
 [NEW] Error: [256] Array, Can't connect to local MySQL server through socket '/var/run/mysqld/mysqld.sock' (2) in /var/www/html/get_products.php on 23 
 [NEW] Error: [2] Array, Cannot modify header information - headers already sent by (output started at /var/www/html/histroy.php:55) in /var/www/html/histroy.php on 109 
 [NEW] Error: [2] Array, mysqli::mysqli() [<a href='mysqli.mysqli'>mysqli.mysqli</a>]: (HY000/2005): Unknown MySQL server host 'mysql' (110) in /var/www/html/get_products.php on 20 
 [NEW] Error: [256] Array, Unknown MySQL server host 'mysql' (110) in /var/www/html/get_products.php on 23 
 [NEW] Error: [2] Array, mysqli::mysqli() [<a href='mysqli.mysqli'>mysqli.mysqli</a>]: (HY000/2005): Unknown MySQL server host 'mysql' (110) in /var/www/html/get_products.php on 20 
 [NEW] Error: [256] Array, Unknown MySQL server host 'mysql' (110) in /var/www/html/get_products.php on 23 
 [NEW] Error: [2] Array, mysqli::mysqli() [<a href='mysqli.mysqli'>mysqli.mysqli</a>]: (HY000/2005): Unknown MySQL server host 'mysql' (110) in /var/www/html/get_products.php on 20 
 [NEW] Error: [256] Array, Unknown MySQL server host 'mysql' (110) in /var/www/html/get_products.php on 23 
 [NEW] Error: [2] Array, mysqli::mysqli() [<a href='mysqli.mysqli'>mysqli.mysqli</a>]: (HY000/2005): Unknown MySQL server host 'mysql' (110) in /var/www/html/get_products.php on 20 
 [NEW] Error: [256] Array, Unknown MySQL server host 'mysql' (110) in /var/www/html/get_products.php on 23 
 [NEW] Error: [2] Array, mysqli::mysqli() [<a href='mysqli.mysqli'>mysqli.mysqli</a>]: (HY000/2005): Unknown MySQL server host 'mysql' (110) in /var/www/html/get_products.php on 20 
 [NEW] Error: [256] Array, Unknown MySQL server host 'mysql' (110) in /var/www/html/get_products.php on 23 
 [NEW] Error: [2] Array, mysqli::mysqli() [<a href='mysqli.mysqli'>mysqli.mysqli</a>]: (HY000/2005): Unknown MySQL server host 'mysql' (110) in /var/www/html/get_products.php on 20 
 [NEW] Error: [256] Array, Unknown MySQL server host 'mysql' (110) in /var/www/html/get_products.php on 23 
 [NEW] Error: [2] Array, mysqli::mysqli() [<a href='mysqli.mysqli'>mysqli.mysqli</a>]: (HY000/2005): Unknown MySQL server host 'mysql' (110) in /var/www/html/get_products.php on 20 
 [NEW] Error: [256] Array, Unknown MySQL server host 'mysql' (110) in /var/www/html/get_products.php on 23 
 [NEW] Error: [2] Array, mysqli::mysqli() [<a href='mysqli.mysqli'>mysqli.mysqli</a>]: (HY000/2005): Unknown MySQL server host 'mysql' (110) in /var/www/html/get_products.php on 20 
 [NEW] Error: [256] Array, Unknown MySQL server host 'mysql' (110) in /var/www/html/get_products.php on 23 
 [NEW] Error: [2] Array, mysqli::mysqli() [<a href='mysqli.mysqli'>mysqli.mysqli</a>]: (HY000/2005): Unknown MySQL server host 'mysql' (110) in /var/www/html/get_products.php on 20 
 [NEW] Error: [256] Array, Unknown MySQL server host 'mysql' (110) in /var/www/html/get_products.php on 23 
 [NEW] Error: [2] Array, mysqli::mysqli() [<a href='mysqli.mysqli'>mysqli.mysqli</a>]: (HY000/2005): Unknown MySQL server host 'mysql' (110) in /var/www/html/get_products.php on 20 
 [NEW] Error: [256] Array, Unknown MySQL server host 'mysql' (110) in /var/www/html/get_products.php on 23 
 [NEW] Error: [2] Array, mysqli::mysqli() [<a href='mysqli.mysqli'>mysqli.mysqli</a>]: (HY000/2005): Unknown MySQL server host 'mysql' (110) in /var/www/html/get_products.php on 20 
 [NEW] Error: [256] Array, Unknown MySQL server host 'mysql' (110) in /var/www/html/get_products.php on 23 
 [NEW] Error: [2] Array, mysqli::mysqli() [<a href='mysqli.mysqli'>mysqli.mysqli</a>]: (HY000/2005): Unknown MySQL server host 'mysql' (110) in /var/www/html/get_products.php on 20 
 [NEW] Error: [256] Array, Unknown MySQL server host 'mysql' (110) in /var/www/html/get_products.php on 23 
 [NEW] Error: [2] Array, mysqli::mysqli() [<a href='mysqli.mysqli'>mysqli.mysqli</a>]: (HY000/2005): Unknown MySQL server host 'mysql' (110) in /var/www/html/get_products.php on 20 
 [NEW] Error: [256] Array, Unknown MySQL server host 'mysql' (110) in /var/www/html/get_products.php on 23 
 [NEW] Error: [2] Array, mysqli::mysqli() [<a href='mysqli.mysqli'>mysqli.mysqli</a>]: (HY000/2005): Unknown MySQL server host 'mysql' (110) in /var/www/html/get_products.php on 20 
 [NEW] Error: [256] Array, Unknown MySQL server host 'mysql' (110) in /var/www/html/get_products.php on 23 
 [NEW] Error: [2] Array, mysqli::mysqli() [<a href='mysqli.mysqli'>mysqli.mysqli</a>]: (HY000/2005): Unknown MySQL server host 'mysql' (110) in /var/www/html/get_products.php on 20 
 [NEW] Error: [256] Array, Unknown MySQL server host 'mysql' (110) in /var/www/html/get_products.php on 23 
 [NEW] Error: [2] Array, mysqli::mysqli() [<a href='mysqli.mysqli'>mysqli.mysqli</a>]: (HY000/2005): Unknown MySQL server host 'mysql' (110) in /var/www/html/search_product.php on 20 
 [NEW] Error: [256] Array, Unknown MySQL server host 'mysql' (110) in /var/www/html/search_product.php on 23 
 [NEW] Error: [2] Array, mysqli::mysqli() [<a href='mysqli.mysqli'>mysqli.mysqli</a>]: (HY000/2005): Unknown MySQL server host 'mysql' (110) in /var/www/html/get_products.php on 20 
 [NEW] Error: [256] Array, Unknown MySQL server host 'mysql' (110) in /var/www/html/get_products.php on 23 
 [NEW] Error: [2] Array, mysqli::mysqli() [<a href='mysqli.mysqli'>mysqli.mysqli</a>]: (HY000/2005): Unknown MySQL server host 'mysql' (110) in /var/www/html/get_products.php on 20 
 [NEW] Error: [256] Array, Unknown MySQL server host 'mysql' (110) in /var/www/html/get_products.php on 23 
 [NEW] Error: [2] Array, mysqli::mysqli() [<a href='mysqli.mysqli'>mysqli.mysqli</a>]: (HY000/2005): Unknown MySQL server host 'mysql' (110) in /var/www/html/get_products.php on 20 
 [NEW] Error: [256] Array, Unknown MySQL server host 'mysql' (110) in /var/www/html/get_products.php on 23 
 [NEW] Error: [2] Array, mysqli::mysqli() [<a href='mysqli.mysqli'>mysqli.mysqli</a>]: (HY000/2005): Unknown MySQL server host 'mysql' (110) in /var/www/html/get_products.php on 20 
 [NEW] Error: [256] Array, Unknown MySQL server host 'mysql' (110) in /var/www/html/get_products.php on 23 
 [NEW] Error: [2] Array, mysqli::mysqli() [<a href='mysqli.mysqli'>mysqli.mysqli</a>]: (HY000/2005): Unknown MySQL server host 'mysql' (110) in /var/www/html/get_products.php on 20 
 [NEW] Error: [256] Array, Unknown MySQL server host 'mysql' (110) in /var/www/html/get_products.php on 23 
 [NEW] Error: [2] Array, mysqli::mysqli() [<a href='mysqli.mysqli'>mysqli.mysqli</a>]: (HY000/2005): Unknown MySQL server host 'mysql' (110) in /var/www/html/get_products.php on 20 
 [NEW] Error: [256] Array, Unknown MySQL server host 'mysql' (110) in /var/www/html/get_products.php on 23 
 [NEW] Error: [2] Array, mysqli::mysqli() [<a href='mysqli.mysqli'>mysqli.mysqli</a>]: (HY000/2005): Unknown MySQL server host 'mysql' (110) in /var/www/html/get_products.php on 20 
 [NEW] Error: [256] Array, Unknown MySQL server host 'mysql' (110) in /var/www/html/get_products.php on 23 
 [NEW] Error: [2] Array, mysqli::mysqli() [<a href='mysqli.mysqli'>mysqli.mysqli</a>]: (HY000/2003): Can't connect to MySQL server on 'mysql' (111) in /var/www/html/get_products.php on 20 
 [NEW] Error: [256] Array, Can't connect to MySQL server on 'mysql' (111) in /var/www/html/get_products.php on 23 
 [NEW] Error: [2] Array, Cannot modify header information - headers already sent by (output started at /var/www/html/profile.php:58) in /var/www/html/profile.php on 112 
 [NEW] Error: [2] Array, Cannot modify header information - headers already sent by (output started at /var/www/html/histroy.php:55) in /var/www/html/histroy.php on 109 
 [NEW] Error: [2] Array, Cannot modify header information - headers already sent by (output started at /var/www/html/profile.php:58) in /var/www/html/profile.php on 112 
 [NEW] Error: [2] Array, Cannot modify header information - headers already sent by (output started at /var/www/html/histroy.php:55) in /var/www/html/histroy.php on 109 
 [NEW] Error: [2] Array, Cannot modify header information - headers already sent by (output started at /var/www/html/enter_bill.php:6) in /var/www/html/enter_bill.php on 131 
 [NEW] Error: [2] Array, Cannot modify header information - headers already sent by (output started at /var/www/html/enter_bill.php:6) in /var/www/html/enter_bill.php on 131 
 [NEW] Error: [2] Array, mysqli::mysqli() [<a href='mysqli.mysqli'>mysqli.mysqli</a>]: (HY000/2013): Lost connection to MySQL server at 'reading initial communication packet', system error: 104 in /var/www/html/get_products.php on 20 
 [NEW] Error: [256] Array, Lost connection to MySQL server at 'reading initial communication packet', system error: 104 in /var/www/html/get_products.php on 23 
 [NEW] Error: [2] Array, mysqli::mysqli() [<a href='mysqli.mysqli'>mysqli.mysqli</a>]: (28000/1045): Access denied for user 'user'@'172.20.0.4' (using password: YES) in /var/www/html/get_products.php on 20 
 [NEW] Error: [256] Array, Access denied for user 'user'@'172.20.0.4' (using password: YES) in /var/www/html/get_products.php on 23 
 [NEW] Error: [2] Array, Cannot modify header information - headers already sent by (output started at /var/www/html/enter_bill.php:6) in /var/www/html/enter_bill.php on 131 
 [NEW] Error: [2] Array, Cannot modify header information - headers already sent by (output started at /var/www/html/enter_bill.php:6) in /var/www/html/enter_bill.php on 131 
